<?xml version="1.0" encoding="UTF-8"?>
<!-- Generated by org.testng.reporters.JUnitXMLReporter -->
<testsuite ignored="0" hostname="TR-7TCTDX3" failures="0" tests="4" name="Log Hours Test" time="14.539" errors="0" timestamp="2025-04-17T17:59:19 IST">
  <testcase classname="testcases.LogHoursTest" name="AddloginHours" time="2.921"/>
  <testcase classname="testcases.LogHoursTest" name="AddStrategyHours" time="2.954"/>
  <testcase classname="testcases.LogHoursTest" name="AddVacationHours" time="2.864"/>
  <testcase classname="testcases.LogHoursTest" name="Savetime" time="5.681"/>
</testsuite> <!-- Log Hours Test -->
