<?xml version="1.0" encoding="UTF-8"?>
<testng-results ignored="0" total="5" passed="5" failed="0" skipped="0">
  <reporter-output>
  </reporter-output>
  <suite started-at="2025-04-17T17:58:29 IST" name="Suite" finished-at="2025-04-17T17:59:19 IST" duration-ms="49906">
    <groups>
    </groups>
    <test started-at="2025-04-17T17:58:29 IST" name="Login Test" finished-at="2025-04-17T17:59:05 IST" duration-ms="35312">
      <class name="testcases.LoginTest">
        <test-method signature="loginTest(java.lang.String,java.lang.String)[pri:1, instance:testcases.LoginTest@4ebfb045]" started-at="2025-04-17T17:58:29 IST" name="loginTest" data-provider="dp" finished-at="2025-04-17T17:59:04 IST" duration-ms="35036" status="PASS">
          <params>
            <param index="0">
              <value>
                <![CDATA[6124529.0]]>
              </value>
            </param>
            <param index="1">
              <value>
                <![CDATA[FullSpeedAhead@2Y]]>
              </value>
            </param>
          </params>
          <reporter-output>
          </reporter-output>
        </test-method> <!-- loginTest -->
      </class> <!-- testcases.LoginTest -->
    </test> <!-- Login Test -->
    <test started-at="2025-04-17T17:59:05 IST" name="Log Hours Test" finished-at="2025-04-17T17:59:19 IST" duration-ms="14539">
      <class name="testcases.LogHoursTest">
        <test-method signature="AddloginHours(java.lang.String,java.lang.String,java.lang.String,java.lang.String,java.lang.String)[pri:3, instance:testcases.LogHoursTest@65d7eea4]" started-at="2025-04-17T17:59:05 IST" name="AddloginHours" data-provider="dp" finished-at="2025-04-17T17:59:08 IST" duration-ms="2921" status="PASS">
          <params>
            <param index="0">
              <value>
                <![CDATA[7.0]]>
              </value>
            </param>
            <param index="1">
              <value>
                <![CDATA[7.0]]>
              </value>
            </param>
            <param index="2">
              <value>
                <![CDATA[7.0]]>
              </value>
            </param>
            <param index="3">
              <value>
                <![CDATA[7.0]]>
              </value>
            </param>
            <param index="4">
              <value>
                <![CDATA[]]>
              </value>
            </param>
          </params>
          <reporter-output>
          </reporter-output>
        </test-method> <!-- AddloginHours -->
        <test-method signature="AddStrategyHours(java.lang.String,java.lang.String,java.lang.String,java.lang.String,java.lang.String)[pri:4, instance:testcases.LogHoursTest@65d7eea4]" started-at="2025-04-17T17:59:08 IST" name="AddStrategyHours" data-provider="dp" finished-at="2025-04-17T17:59:11 IST" duration-ms="2954" status="PASS">
          <params>
            <param index="0">
              <value>
                <![CDATA[1.0]]>
              </value>
            </param>
            <param index="1">
              <value>
                <![CDATA[1.0]]>
              </value>
            </param>
            <param index="2">
              <value>
                <![CDATA[1.0]]>
              </value>
            </param>
            <param index="3">
              <value>
                <![CDATA[1.0]]>
              </value>
            </param>
            <param index="4">
              <value>
                <![CDATA[]]>
              </value>
            </param>
          </params>
          <reporter-output>
          </reporter-output>
        </test-method> <!-- AddStrategyHours -->
        <test-method signature="AddVacationHours(java.lang.String,java.lang.String,java.lang.String,java.lang.String,java.lang.String)[pri:5, instance:testcases.LogHoursTest@65d7eea4]" started-at="2025-04-17T17:59:11 IST" name="AddVacationHours" data-provider="dp" finished-at="2025-04-17T17:59:13 IST" duration-ms="2864" status="PASS">
          <params>
            <param index="0">
              <value>
                <![CDATA[]]>
              </value>
            </param>
            <param index="1">
              <value>
                <![CDATA[]]>
              </value>
            </param>
            <param index="2">
              <value>
                <![CDATA[]]>
              </value>
            </param>
            <param index="3">
              <value>
                <![CDATA[]]>
              </value>
            </param>
            <param index="4">
              <value>
                <![CDATA[8.0]]>
              </value>
            </param>
          </params>
          <reporter-output>
          </reporter-output>
        </test-method> <!-- AddVacationHours -->
        <test-method signature="Savetime()[pri:6, instance:testcases.LogHoursTest@65d7eea4]" started-at="2025-04-17T17:59:13 IST" name="Savetime" finished-at="2025-04-17T17:59:19 IST" duration-ms="5681" status="PASS">
          <reporter-output>
          </reporter-output>
        </test-method> <!-- Savetime -->
        <test-method is-config="true" signature="quit()[pri:0, instance:testcases.LogHoursTest@65d7eea4]" started-at="2025-04-17T17:59:19 IST" name="quit" finished-at="2025-04-17T17:59:20 IST" duration-ms="1357" status="PASS">
          <reporter-output>
          </reporter-output>
        </test-method> <!-- quit -->
      </class> <!-- testcases.LogHoursTest -->
    </test> <!-- Log Hours Test -->
  </suite> <!-- Suite -->
</testng-results>
